<?xml version="1.0" encoding="UTF-8"?>
<testng-results ignored="0" total="1" passed="1" failed="0" skipped="0">
  <reporter-output>
  </reporter-output>
  <suite started-at="2024-06-19T16:01:24 IST" name="Default suite" finished-at="2024-06-19T16:01:24 IST" duration-ms="46">
    <groups>
    </groups>
    <test started-at="2024-06-19T16:01:24 IST" name="Default test" finished-at="2024-06-19T16:01:24 IST" duration-ms="46">
      <class name="InheriteFromParentX">
        <test-method is-config="true" signature="beforeTest()[pri:0, instance:InheriteFromParentX@d29f28]" started-at="2024-06-19T16:01:24 IST" name="beforeTest" finished-at="2024-06-19T16:01:24 IST" duration-ms="6" status="PASS">
          <reporter-output>
          </reporter-output>
        </test-method> <!-- beforeTest -->
        <test-method signature="testRun()[pri:0, instance:InheriteFromParentX@d29f28]" started-at="2024-06-19T16:01:24 IST" name="testRun" finished-at="2024-06-19T16:01:24 IST" duration-ms="9" status="PASS">
          <reporter-output>
          </reporter-output>
        </test-method> <!-- testRun -->
        <test-method is-config="true" signature="AfterTest()[pri:0, instance:InheriteFromParentX@d29f28]" started-at="2024-06-19T16:01:24 IST" name="AfterTest" finished-at="2024-06-19T16:01:24 IST" duration-ms="1" status="PASS">
          <reporter-output>
          </reporter-output>
        </test-method> <!-- AfterTest -->
      </class> <!-- InheriteFromParentX -->
    </test> <!-- Default test -->
  </suite> <!-- Default suite -->
</testng-results>
