<?xml version="1.0" encoding="UTF-8"?>
<testng-results ignored="3" total="9" passed="6" failed="0" skipped="0">
  <reporter-output>
  </reporter-output>
  <suite started-at="2024-06-16T16:49:53 IST" name="Suite" finished-at="2024-06-16T16:49:53 IST" duration-ms="120">
    <groups>
      <group name="Smoke">
        <method signature="day1.jobb()[pri:0, instance:test.day1@63a12c68]" name="jobb" class="test.day1"/>
      </group> <!-- Smoke -->
    </groups>
    <test started-at="2024-06-16T16:49:53 IST" name="Test" finished-at="2024-06-16T16:49:53 IST" duration-ms="120">
      <class name="test.day2">
        <test-method signature="onlythisInclude1()[pri:0, instance:test.day2@15aab8c6]" started-at="2024-06-16T16:49:53 IST" name="onlythisInclude1" finished-at="2024-06-16T16:49:53 IST" duration-ms="18" status="PASS">
          <reporter-output>
          </reporter-output>
        </test-method> <!-- onlythisInclude1 -->
      </class> <!-- test.day2 -->
      <class name="test.day1">
        <test-method is-config="true" signature="BMethod()[pri:0, instance:test.day1@63a12c68]" started-at="2024-06-16T16:49:53 IST" name="BMethod" finished-at="2024-06-16T16:49:53 IST" duration-ms="3" status="PASS">
          <reporter-output>
          </reporter-output>
        </test-method> <!-- BMethod -->
        <test-method signature="Demo()[pri:0, instance:test.day1@63a12c68]" started-at="2024-06-16T16:49:53 IST" name="Demo" finished-at="2024-06-16T16:49:53 IST" duration-ms="4" status="PASS">
          <reporter-output>
          </reporter-output>
        </test-method> <!-- Demo -->
        <test-method is-config="true" signature="AMethod()[pri:0, instance:test.day1@63a12c68]" started-at="2024-06-16T16:49:53 IST" name="AMethod" finished-at="2024-06-16T16:49:53 IST" duration-ms="1" status="PASS">
          <reporter-output>
          </reporter-output>
        </test-method> <!-- AMethod -->
        <test-method signature="jobb()[pri:0, instance:test.day1@63a12c68]" started-at="2024-06-16T16:49:53 IST" name="jobb" finished-at="2024-06-16T16:49:53 IST" duration-ms="3" status="PASS">
          <reporter-output>
          </reporter-output>
        </test-method> <!-- jobb -->
        <test-method is-config="true" signature="BMethod()[pri:0, instance:test.day1@63a12c68]" started-at="2024-06-16T16:49:53 IST" name="BMethod" finished-at="2024-06-16T16:49:53 IST" duration-ms="0" status="PASS">
          <reporter-output>
          </reporter-output>
        </test-method> <!-- BMethod -->
        <test-method is-config="true" signature="AMethod()[pri:0, instance:test.day1@63a12c68]" started-at="2024-06-16T16:49:53 IST" name="AMethod" finished-at="2024-06-16T16:49:53 IST" duration-ms="2" status="PASS">
          <reporter-output>
          </reporter-output>
        </test-method> <!-- AMethod -->
      </class> <!-- test.day1 -->
    </test> <!-- Test -->
    <test started-at="2024-06-16T16:49:53 IST" name="HoemLoan" finished-at="2024-06-16T16:49:53 IST" duration-ms="105">
      <class name="test.day3">
        <test-method signature="LoginAPIHomeLoan()[pri:0, instance:test.day3@53ce1329]" started-at="2024-06-16T16:49:53 IST" name="LoginAPIHomeLoan" finished-at="2024-06-16T16:49:53 IST" duration-ms="20" status="PASS">
          <reporter-output>
          </reporter-output>
        </test-method> <!-- LoginAPIHomeLoan -->
        <test-method signature="MobileLoginHomeLoan()[pri:0, instance:test.day3@53ce1329]" started-at="2024-06-16T16:49:53 IST" name="MobileLoginHomeLoan" finished-at="2024-06-16T16:49:53 IST" duration-ms="2" status="PASS">
          <reporter-output>
          </reporter-output>
        </test-method> <!-- MobileLoginHomeLoan -->
        <test-method signature="WebLoginHomeLoan()[pri:0, instance:test.day3@53ce1329]" started-at="2024-06-16T16:49:53 IST" name="WebLoginHomeLoan" finished-at="2024-06-16T16:49:53 IST" duration-ms="5" status="PASS">
          <reporter-output>
          </reporter-output>
        </test-method> <!-- WebLoginHomeLoan -->
      </class> <!-- test.day3 -->
    </test> <!-- HoemLoan -->
  </suite> <!-- Suite -->
</testng-results>
