<?xml version="1.0" encoding="UTF-8"?>
<!-- Generated by org.testng.reporters.JUnitXMLReporter -->
<testsuite ignored="0" hostname="HDLCAMPUS4771" failures="1" tests="3" name="Catch Errors" time="20.878" errors="0" timestamp="2024-07-04T19:34:22 IST">
  <testcase classname="mypractice.tests.ErrorsHandingTest" name="LoginErrorCheck" time="1.126">
    <skipped/>
  </testcase> <!-- LoginErrorCheck -->
  <testcase classname="mypractice.tests.ErrorsHandingTest" name="LoginErrorCheck" time="1.056">
    <failure type="java.lang.AssertionError" message="expected [Incorrect email or password.] but found [Incorrect email password.]">
      <![CDATA[java.lang.AssertionError: expected [Incorrect email or password.] but found [Incorrect email password.]
at mypractice.tests.ErrorsHandingTest.LoginErrorCheck(ErrorsHandingTest.java:26)
at java.base/java.util.ArrayList.forEach(ArrayList.java:1511)
at java.base/java.util.concurrent.FutureTask.run(FutureTask.java:317)
at java.base/java.util.concurrent.ThreadPoolExecutor.runWorker(ThreadPoolExecutor.java:1144)
at java.base/java.util.concurrent.ThreadPoolExecutor$Worker.run(ThreadPoolExecutor.java:642)
at java.base/java.lang.Thread.run(Thread.java:1623)
... Removed 21 stack frames]]>
    </failure>
  </testcase> <!-- LoginErrorCheck -->
  <testcase classname="mypractice.tests.ErrorsHandingTest" name="ProductErrorCheck" time="7.795"/>
</testsuite> <!-- Catch Errors -->
