<?xml version="1.0" encoding="UTF-8"?>
<!-- Generated by org.testng.reporters.JUnitXMLReporter -->
<testsuite ignored="0" hostname="HDLCAMPUS4771" failures="0" tests="7" name="Depends On Methods" time="0.095" errors="0" timestamp="2024-06-16T12:29:53 IST">
  <testcase classname="test.DependsOnMethodsxx" name="ABCLoginAPIHomeLoan" time="0.012"/>
  <testcase classname="test.DependsOnMethodsxx" name="ABCMobileLoginHomeLoan" time="0.003"/>
  <testcase classname="test.DependsOnMethodsxx" name="ABCWebLoginHomeLoan" time="0.003"/>
  <testcase classname="test.DependsOnMethodsxx" name="LoginAPIHomeLoan" time="0.005"/>
  <testcase classname="test.DependsOnMethodsxx" name="MobileLoginHomeLoan" time="0.001"/>
  <testcase classname="test.DependsOnMethodsxx" name="jobb" time="0.003"/>
  <testcase classname="test.DependsOnMethodsxx" name="WebLoginHomeLoan" time="0.002"/>
</testsuite> <!-- Depends On Methods -->
