<?xml version="1.0" encoding="UTF-8"?>
<!-- Generated by org.testng.reporters.JUnitXMLReporter -->
<testsuite ignored="0" hostname="HDLCAMPUS4771" failures="0" tests="3" name="Submit Order" time="37.309" errors="0" timestamp="2024-07-02T14:54:47 IST">
  <testcase classname="mypractice.tests.POMStandaloneTest" name="submitorder" time="10.435"/>
  <testcase classname="mypractice.tests.POMStandaloneTest" name="submitorder" time="9.448"/>
  <testcase classname="mypractice.tests.POMStandaloneTest" name="OrderHistoryTest" time="0.888"/>
</testsuite> <!-- Submit Order -->
