<?xml version="1.0" encoding="UTF-8"?>
<testng-results ignored="0" total="1" passed="1" failed="0" skipped="0">
  <reporter-output>
  </reporter-output>
  <suite started-at="2024-06-30T19:32:05 IST" name="Default suite" finished-at="2024-06-30T19:32:13 IST" duration-ms="8433">
    <groups>
    </groups>
    <test started-at="2024-06-30T19:32:05 IST" name="Default test" finished-at="2024-06-30T19:32:13 IST" duration-ms="8433">
      <class name="MyAssiggnmentPracticeFrameWork.ExtentReports.ExtentReportDemo">
        <test-method is-config="true" signature="configuration()[pri:0, instance:MyAssiggnmentPracticeFrameWork.ExtentReports.ExtentReportDemo@4be29ed9]" started-at="2024-06-30T19:32:05 IST" name="configuration" finished-at="2024-06-30T19:32:05 IST" duration-ms="217" status="PASS">
          <reporter-output>
          </reporter-output>
        </test-method> <!-- configuration -->
        <test-method signature="invokeDriver()[pri:0, instance:MyAssiggnmentPracticeFrameWork.ExtentReports.ExtentReportDemo@4be29ed9]" started-at="2024-06-30T19:32:05 IST" name="invokeDriver" finished-at="2024-06-30T19:32:13 IST" duration-ms="8181" status="PASS">
          <reporter-output>
          </reporter-output>
        </test-method> <!-- invokeDriver -->
      </class> <!-- MyAssiggnmentPracticeFrameWork.ExtentReports.ExtentReportDemo -->
    </test> <!-- Default test -->
  </suite> <!-- Default suite -->
</testng-results>
