<?xml version="1.0" encoding="UTF-8"?>
<!-- Generated by org.testng.reporters.JUnitXMLReporter -->
<testsuite ignored="0" hostname="HDLCAMPUS4771" failures="0" tests="4" name="Parameter" time="0.056" errors="0" timestamp="2024-06-16T12:59:55 IST">
  <testcase classname="test.parametrizationxx" name="AMethod" time="0.011"/>
  <testcase classname="test.parametrizationxx" name="BMethod" time="0.002"/>
  <testcase classname="test.parametrizationxx" name="Demo" time="0.004"/>
  <testcase classname="test.parametrizationxx" name="jobb" time="0.001"/>
</testsuite> <!-- Parameter -->
