<?xml version="1.0" encoding="UTF-8"?>
<!-- Generated by org.testng.reporters.JUnitXMLReporter -->
<testsuite ignored="1" hostname="HDLCAMPUS4771" failures="0" tests="3" name="HoemLoan" time="0.105" errors="0" timestamp="2024-06-16T16:49:54 IST">
  <testcase classname="test.day3" name="LoginAPIHomeLoan" time="0.02"/>
  <testcase classname="test.day3" name="MobileLoginHomeLoan" time="0.002"/>
  <testcase classname="test.day3" name="WebLoginHomeLoan" time="0.005"/>
  <testcase classname="test.day3" name="jobb" time="0.0">
    <ignored/>
  </testcase> <!-- jobb -->
</testsuite> <!-- HoemLoan -->
