<?xml version="1.0" encoding="UTF-8"?>
<!-- Generated by org.testng.reporters.JUnitXMLReporter -->
<testsuite ignored="2" hostname="HDLCAMPUS4771" failures="0" tests="3" name="Test" time="0.12" errors="0" timestamp="2024-06-16T16:49:54 IST">
  <testcase classname="test.day2" name="onlythisInclude1" time="0.018"/>
  <testcase classname="test.day1" name="Demo" time="0.004"/>
  <testcase classname="test.day1" name="jobb" time="0.003"/>
  <testcase classname="test.day2" name="ghgh" time="0.0">
    <ignored/>
  </testcase> <!-- ghgh -->
  <testcase classname="test.day2" name="onlythisInclude2" time="0.0">
    <ignored/>
  </testcase> <!-- onlythisInclude2 -->
</testsuite> <!-- Test -->
