<?xml version="1.0" encoding="UTF-8"?>
<testng-results ignored="0" total="1" passed="1" failed="0" skipped="0">
  <reporter-output>
  </reporter-output>
  <suite started-at="2024-06-23T14:52:38 IST" name="Default suite" finished-at="2024-06-23T14:52:46 IST" duration-ms="7941">
    <groups>
    </groups>
    <test started-at="2024-06-23T14:52:38 IST" name="Default test" finished-at="2024-06-23T14:52:46 IST" duration-ms="7941">
      <class name="Maven_Testng.Maven_Testng.StreamsExampleWebpage">
        <test-method signature="StreamEx()[pri:0, instance:Maven_Testng.Maven_Testng.StreamsExampleWebpage@71ba6d4e]" started-at="2024-06-23T14:52:38 IST" name="StreamEx" finished-at="2024-06-23T14:52:46 IST" duration-ms="7881" status="PASS">
          <reporter-output>
          </reporter-output>
        </test-method> <!-- StreamEx -->
      </class> <!-- Maven_Testng.Maven_Testng.StreamsExampleWebpage -->
    </test> <!-- Default test -->
  </suite> <!-- Default suite -->
</testng-results>
