<?xml version="1.0" encoding="UTF-8"?>
<!-- Generated by org.testng.reporters.JUnitXMLReporter -->
<testsuite ignored="17" hostname="HDLCAMPUS4771" failures="0" tests="3" name="Regression" time="0.085" errors="0" timestamp="2024-06-16T12:18:15 IST">
  <testcase classname="test.day1" name="jobb" time="0.012"/>
  <testcase classname="test.day2" name="onlythisInclude2" time="0.003"/>
  <testcase classname="test.day5" name="WebLoginHomeLoan" time="0.002"/>
  <testcase classname="test.day4" name="ABCLoginAPIHomeLoan" time="0.0">
    <ignored/>
  </testcase> <!-- ABCLoginAPIHomeLoan -->
  <testcase classname="test.day3" name="WebLoginHomeLoan" time="0.0">
    <ignored/>
  </testcase> <!-- WebLoginHomeLoan -->
  <testcase classname="test.day2" name="onlythisInclude1" time="0.0">
    <ignored/>
  </testcase> <!-- onlythisInclude1 -->
  <testcase classname="test.day3" name="jobb" time="0.0">
    <ignored/>
  </testcase> <!-- jobb -->
  <testcase classname="test.day3" name="MobileLoginHomeLoan" time="0.0">
    <ignored/>
  </testcase> <!-- MobileLoginHomeLoan -->
  <testcase classname="test.day5" name="MobileLoginHomeLoan" time="0.0">
    <ignored/>
  </testcase> <!-- MobileLoginHomeLoan -->
  <testcase classname="test.day4" name="ABCWebLoginHomeLoan" time="0.0">
    <ignored/>
  </testcase> <!-- ABCWebLoginHomeLoan -->
  <testcase classname="test.day4" name="ABCMobileLoginHomeLoan" time="0.0">
    <ignored/>
  </testcase> <!-- ABCMobileLoginHomeLoan -->
  <testcase classname="test.day4" name="jobb" time="0.0">
    <ignored/>
  </testcase> <!-- jobb -->
  <testcase classname="test.day4" name="MobileLoginHomeLoan" time="0.0">
    <ignored/>
  </testcase> <!-- MobileLoginHomeLoan -->
  <testcase classname="test.day5" name="jobb" time="0.0">
    <ignored/>
  </testcase> <!-- jobb -->
  <testcase classname="test.day2" name="ghgh" time="0.0">
    <ignored/>
  </testcase> <!-- ghgh -->
  <testcase classname="test.day3" name="LoginAPIHomeLoan" time="0.0">
    <ignored/>
  </testcase> <!-- LoginAPIHomeLoan -->
  <testcase classname="test.day4" name="LoginAPIHomeLoan" time="0.0">
    <ignored/>
  </testcase> <!-- LoginAPIHomeLoan -->
  <testcase classname="test.day5" name="LoginAPIHomeLoan" time="0.0">
    <ignored/>
  </testcase> <!-- LoginAPIHomeLoan -->
  <testcase classname="test.day1" name="Demo" time="0.0">
    <ignored/>
  </testcase> <!-- Demo -->
  <testcase classname="test.day4" name="WebLoginHomeLoan" time="0.0">
    <ignored/>
  </testcase> <!-- WebLoginHomeLoan -->
</testsuite> <!-- Regression -->
